<?xml version="1.0" encoding="UTF-8" ?>
<testsuite failures="0" time="10.221" errors="1" skipped="0" tests="1" name="myfirstTest">
  <properties>
[...]
</properties>
  <testcase time="10.077" classname="myfirstTest" name="startWebDriver">
    <error message="Unable to find element with link text == Admin (WARNING: The server did not provide any stacktrace information)
Command duration or timeout: 499 milliseconds
For documentation on this error, please visit: http://seleniumhq.org/exceptions/no_such_element.html
Build info: version: &apos;2.25.0&apos;, revision: &apos;17482&apos;, time: &apos;2012-07-18 22:18:01&apos;
System info: os.name: &apos;Windows 7&apos;, os.arch: &apos;x86&apos;, os.version: &apos;6.1&apos;, java.version: &apos;1.7.0_15&apos;
Driver info: driver.version: RemoteWebDriver
Session ID: ad4dc065-269d-4d97-bad4-08f530a56db1" type="org.openqa.selenium.NoSuchElementException">org.openqa.selenium.NoSuchElementException: Unable to find element with link text == Admin (WARNING: The server did not provide any stacktrace information)
Command duration or timeout: 499 milliseconds
For documentation on this error, please visit: http://seleniumhq.org/exceptions/no_such_element.html
Build info: version: &apos;2.25.0&apos;, revision: &apos;17482&apos;, time: &apos;2012-07-18 22:18:01&apos;
System info: os.name: &apos;Windows 7&apos;, os.arch: &apos;x86&apos;, os.version: &apos;6.1&apos;, java.version: &apos;1.7.0_15&apos;
Driver info: driver.version: RemoteWebDriver
Session ID: ad4dc065-269d-4d97-bad4-08f530a56db1
	at sun.reflect.NativeConstructorAccessorImpl.newInstance0(Native Method)
	at sun.reflect.NativeConstructorAccessorImpl.newInstance(NativeConstructorAccessorImpl.java:57)
	at sun.reflect.DelegatingConstructorAccessorImpl.newInstance(DelegatingConstructorAccessorImpl.java:45)
	at java.lang.reflect.Constructor.newInstance(Constructor.java:525)
	at org.openqa.selenium.remote.ErrorHandler.createThrowable(ErrorHandler.java:188)
	at org.openqa.selenium.remote.ErrorHandler.throwIfResponseFailed(ErrorHandler.java:145)
	at org.openqa.selenium.remote.RemoteWebDriver.execute(RemoteWebDriver.java:498)
	at org.openqa.selenium.remote.RemoteWebDriver.findElement(RemoteWebDriver.java:268)
	at org.openqa.selenium.remote.RemoteWebDriver.findElementByLinkText(RemoteWebDriver.java:305)
	at org.openqa.selenium.By$ByLinkText.findElement(By.java:240)
	at org.openqa.selenium.remote.RemoteWebDriver.findElement(RemoteWebDriver.java:260)
	at myfirstTest.startWebDriver(myfirstTest.java:38)
	at sun.reflect.NativeMethodAccessorImpl.invoke0(Native Method)
	at sun.reflect.NativeMethodAccessorImpl.invoke(NativeMethodAccessorImpl.java:57)
	at sun.reflect.DelegatingMethodAccessorImpl.invoke(DelegatingMethodAccessorImpl.java:43)
	at java.lang.reflect.Method.invoke(Method.java:601)
	at org.junit.runners.model.FrameworkMethod$1.runReflectiveCall(FrameworkMethod.java:44)
	at org.junit.internal.runners.model.ReflectiveCallable.run(ReflectiveCallable.java:15)
	at org.junit.runners.model.FrameworkMethod.invokeExplosively(FrameworkMethod.java:41)
	at org.junit.internal.runners.statements.InvokeMethod.evaluate(InvokeMethod.java:20)
	at org.junit.runners.BlockJUnit4ClassRunner.runNotIgnored(BlockJUnit4ClassRunner.java:79)
	at org.junit.runners.BlockJUnit4ClassRunner.runChild(BlockJUnit4ClassRunner.java:71)
	at org.junit.runners.BlockJUnit4ClassRunner.runChild(BlockJUnit4ClassRunner.java:49)
	at org.junit.runners.ParentRunner$3.run(ParentRunner.java:193)
	at org.junit.runners.ParentRunner$1.schedule(ParentRunner.java:52)
	at org.junit.runners.ParentRunner.runChildren(ParentRunner.java:191)
	at org.junit.runners.ParentRunner.access$000(ParentRunner.java:42)
	at org.junit.runners.ParentRunner$2.evaluate(ParentRunner.java:184)
	at org.junit.runners.ParentRunner.run(ParentRunner.java:236)
	at org.apache.maven.surefire.junit4.JUnit4TestSet.execute(JUnit4TestSet.java:53)
	at org.apache.maven.surefire.junit4.JUnit4Provider.executeTestSet(JUnit4Provider.java:123)
	at org.apache.maven.surefire.junit4.JUnit4Provider.invoke(JUnit4Provider.java:104)
	at sun.reflect.NativeMethodAccessorImpl.invoke0(Native Method)
	at sun.reflect.NativeMethodAccessorImpl.invoke(NativeMethodAccessorImpl.java:57)
	at sun.reflect.DelegatingMethodAccessorImpl.invoke(DelegatingMethodAccessorImpl.java:43)
	at java.lang.reflect.Method.invoke(Method.java:601)
	at org.apache.maven.surefire.util.ReflectionUtils.invokeMethodWithArray(ReflectionUtils.java:164)
	at org.apache.maven.surefire.booter.ProviderFactory$ProviderProxy.invoke(ProviderFactory.java:110)
	at org.apache.maven.surefire.booter.SurefireStarter.invokeProvider(SurefireStarter.java:175)
	at org.apache.maven.surefire.booter.SurefireStarter.runSuitesInProcessWhenForked(SurefireStarter.java:107)
	at org.apache.maven.surefire.booter.ForkedBooter.main(ForkedBooter.java:68)
</error>
    <system-err>Started InternetExplorerDriver server (32-bit)
2.30.2.0
Listening on port 25688
Feb 26, 2013 4:49:07 PM org.apache.http.impl.client.DefaultRequestDirector tryExecute
INFO: I/O exception (java.net.SocketException) caught when processing request: Software caused connection abort: recv failed
Feb 26, 2013 4:49:07 PM org.apache.http.impl.client.DefaultRequestDirector tryExecute
INFO: Retrying request
</system-err>
  </testcase>
</testsuite>